<?xml version="1.0" encoding="UTF-8"?>
<!-- Generated by org.testng.reporters.JUnitReportReporter -->
<testsuite hostname="DUY" failures="0" tests="6" name="com.tvinh.test1.EditAuctionTest" time="27.489" errors="0" timestamp="2022-07-13T22:21:54 ICT" skipped="0">
  <testcase classname="com.tvinh.test1.EditAuctionTest" name="TestCase05" time="5.163"/>
  <system-out/>
  <testcase classname="com.tvinh.test1.EditAuctionTest" name="TestCase06" time="5.129"/>
  <system-out/>
  <testcase classname="com.tvinh.test1.EditAuctionTest" name="TestCase03" time="2.585"/>
  <system-out/>
  <testcase classname="com.tvinh.test1.EditAuctionTest" name="TestCase02" time="2.552"/>
  <system-out/>
  <testcase classname="com.tvinh.test1.EditAuctionTest" name="TestCase04" time="5.192"/>
  <system-out/>
  <testcase classname="com.tvinh.test1.EditAuctionTest" name="TestCase01" time="6.868"/>
  <system-out/>
</testsuite> <!-- com.tvinh.test1.EditAuctionTest -->
