<?xml version="1.0" encoding="UTF-8"?>
<!-- Generated by org.testng.reporters.JUnitReportReporter -->
<testsuite hostname="DUY" failures="0" tests="2" name="com.tvinh.test1.Like_auction" time="9.590" errors="0" timestamp="2022-07-13T22:55:10 ICT" skipped="0">
  <testcase classname="com.tvinh.test1.Like_auction" name="Test01" time="4.339"/>
  <system-out/>
  <testcase classname="com.tvinh.test1.Like_auction" name="Test02" time="5.251"/>
  <system-out/>
</testsuite> <!-- com.tvinh.test1.Like_auction -->
