<?xml version="1.0" encoding="UTF-8"?>
<!-- Generated by org.testng.reporters.JUnitReportReporter -->
<testsuite hostname="LAPTOP-8502" failures="0" tests="4" name="com.tvinh.test1.ChangePassTest" time="22.517" errors="0" timestamp="2022-07-19T11:21:59 ICT" skipped="0">
  <testcase classname="com.tvinh.test1.ChangePassTest" name="CaseTest3" time="4.105"/>
  <system-out/>
  <testcase classname="com.tvinh.test1.ChangePassTest" name="CaseTest1" time="8.689"/>
  <system-out/>
  <testcase classname="com.tvinh.test1.ChangePassTest" name="CaseTest4" time="3.156"/>
  <system-out/>
  <testcase classname="com.tvinh.test1.ChangePassTest" name="CaseTest2" time="6.567"/>
  <system-out/>
</testsuite> <!-- com.tvinh.test1.ChangePassTest -->
