<?xml version="1.0" encoding="UTF-8"?>
<!-- Generated by org.testng.reporters.JUnitReportReporter -->
<testsuite hostname="LAPTOP-8502" failures="0" tests="3" name="com.tvinh.test1.Read_new" time="17.557" errors="0" timestamp="2022-07-20T21:02:56 ICT" skipped="0">
  <testcase classname="com.tvinh.test1.Read_new" name="Test01" time="8.263"/>
  <system-out/>
  <testcase classname="com.tvinh.test1.Read_new" name="Test03" time="6.637"/>
  <system-out/>
  <testcase classname="com.tvinh.test1.Read_new" name="Test02" time="2.657"/>
  <system-out/>
</testsuite> <!-- com.tvinh.test1.Read_new -->
