<?xml version="1.0" encoding="UTF-8"?>
<!-- Generated by org.testng.reporters.JUnitReportReporter -->
<testsuite hostname="DUY" failures="0" tests="7" name="com.tvinh.test1.GetListAuctionTest" time="12.880" errors="0" timestamp="2022-07-23T20:09:02 ICT" skipped="0">
  <testcase classname="com.tvinh.test1.GetListAuctionTest" name="Test03" time="1.231"/>
  <system-out/>
  <testcase classname="com.tvinh.test1.GetListAuctionTest" name="Test04" time="1.211"/>
  <system-out/>
  <testcase classname="com.tvinh.test1.GetListAuctionTest" name="Test06" time="1.229"/>
  <system-out/>
  <testcase classname="com.tvinh.test1.GetListAuctionTest" name="Test07" time="4.208"/>
  <system-out/>
  <testcase classname="com.tvinh.test1.GetListAuctionTest" name="Test01" time="2.505"/>
  <system-out/>
  <testcase classname="com.tvinh.test1.GetListAuctionTest" name="Test05" time="1.255"/>
  <system-out/>
  <testcase classname="com.tvinh.test1.GetListAuctionTest" name="Test02" time="1.241"/>
  <system-out/>
</testsuite> <!-- com.tvinh.test1.GetListAuctionTest -->
