<?xml version="1.0" encoding="UTF-8"?>
<!-- Generated by org.testng.reporters.JUnitReportReporter -->
<testsuite hostname="LAPTOP-O8200AJ0" failures="0" tests="1" name="com.tvinh.test1.AuctionCreateTest" time="4.203" errors="0" timestamp="2022-07-13T23:39:59 ICT" skipped="0">
  <testcase classname="com.tvinh.test1.AuctionCreateTest" name="TestCase01" time="4.203"/>
  <system-out/>
</testsuite> <!-- com.tvinh.test1.AuctionCreateTest -->
