<?xml version="1.0" encoding="UTF-8"?>
<!-- Generated by org.testng.reporters.JUnitReportReporter -->
<testsuite hostname="LAPTOP-8502" failures="0" tests="6" name="com.tvinh.test1.GetListAuctionsByUser" time="19.629" errors="0" timestamp="2022-07-13T09:40:10 ICT" skipped="0">
  <testcase classname="com.tvinh.test1.GetListAuctionsByUser" name="TestCase02" time="2.850"/>
  <system-out/>
  <testcase classname="com.tvinh.test1.GetListAuctionsByUser" name="TestCase04" time="3.026"/>
  <system-out/>
  <testcase classname="com.tvinh.test1.GetListAuctionsByUser" name="TestCase01" time="5.241"/>
  <system-out/>
  <testcase classname="com.tvinh.test1.GetListAuctionsByUser" name="TestCase06" time="2.743"/>
  <system-out/>
  <testcase classname="com.tvinh.test1.GetListAuctionsByUser" name="TestCase03" time="2.769"/>
  <system-out/>
  <testcase classname="com.tvinh.test1.GetListAuctionsByUser" name="TestCase05" time="3.000"/>
  <system-out/>
</testsuite> <!-- com.tvinh.test1.GetListAuctionsByUser -->
