<?xml version="1.0" encoding="UTF-8"?>
<!-- Generated by org.testng.reporters.JUnitReportReporter -->
<testsuite hostname="DUY" failures="0" tests="2" name="com.tvinh.test1.Create_bid" time="7.837" errors="0" timestamp="2022-07-23T11:48:42 ICT" skipped="0">
  <testcase classname="com.tvinh.test1.Create_bid" name="Test02" time="2.488"/>
  <system-out/>
  <testcase classname="com.tvinh.test1.Create_bid" name="Test01" time="5.349"/>
  <system-out/>
</testsuite> <!-- com.tvinh.test1.Create_bid -->
