<?xml version="1.0" encoding="UTF-8"?>
<!-- Generated by org.testng.reporters.JUnitReportReporter -->
<testsuite hostname="DUY" failures="0" tests="3" name="com.tvinh.test1.GetListLikesTest" time="9.701" errors="0" timestamp="2022-07-13T22:57:19 ICT" skipped="0">
  <testcase classname="com.tvinh.test1.GetListLikesTest" name="TestCase01" time="5.457"/>
  <system-out/>
  <testcase classname="com.tvinh.test1.GetListLikesTest" name="TestCase03" time="1.722"/>
  <system-out/>
  <testcase classname="com.tvinh.test1.GetListLikesTest" name="TestCase02" time="2.522"/>
  <system-out/>
</testsuite> <!-- com.tvinh.test1.GetListLikesTest -->
