<?xml version="1.0" encoding="UTF-8"?>
<!-- Generated by org.testng.reporters.JUnitReportReporter -->
<testsuite hostname="LAPTOP-8502" failures="0" tests="4" name="com.tvinh.test1.GetListCommentTest" time="17.478" errors="0" timestamp="2022-07-20T20:37:42 ICT" skipped="0">
  <testcase classname="com.tvinh.test1.GetListCommentTest" name="TestCase02" time="5.177"/>
  <system-out/>
  <testcase classname="com.tvinh.test1.GetListCommentTest" name="TestCase01" time="7.197"/>
  <system-out/>
  <testcase classname="com.tvinh.test1.GetListCommentTest" name="TestCase04" time="2.552"/>
  <system-out/>
  <testcase classname="com.tvinh.test1.GetListCommentTest" name="TestCase03" time="2.552"/>
  <system-out/>
</testsuite> <!-- com.tvinh.test1.GetListCommentTest -->
