<?xml version="1.0" encoding="UTF-8"?>
<!-- Generated by org.testng.reporters.JUnitReportReporter -->
<testsuite hostname="LAPTOP-8502" failures="0" tests="4" name="com.tvinh.test1.Search" time="8.166" errors="0" timestamp="2022-07-11T11:27:22 ICT" skipped="0">
  <testcase classname="com.tvinh.test1.Search" name="Test01" time="3.201"/>
  <system-out/>
  <testcase classname="com.tvinh.test1.Search" name="Test03" time="1.355"/>
  <system-out/>
  <testcase classname="com.tvinh.test1.Search" name="Test02" time="2.302"/>
  <system-out/>
  <testcase classname="com.tvinh.test1.Search" name="Test04" time="1.308"/>
  <system-out/>
</testsuite> <!-- com.tvinh.test1.Search -->
