<?xml version="1.0" encoding="UTF-8"?>
<!-- Generated by org.testng.reporters.JUnitReportReporter -->
<testsuite hostname="DUY" failures="0" tests="3" name="com.tvinh.test1.Get_news" time="13.423" errors="0" timestamp="2022-07-21T17:33:29 ICT" skipped="0">
  <testcase classname="com.tvinh.test1.Get_news" name="Test03" time="8.307"/>
  <system-out/>
  <testcase classname="com.tvinh.test1.Get_news" name="Test01" time="2.520"/>
  <system-out/>
  <testcase classname="com.tvinh.test1.Get_news" name="Test02" time="2.596"/>
  <system-out/>
</testsuite> <!-- com.tvinh.test1.Get_news -->
