<?xml version="1.0" encoding="UTF-8"?>
<!-- Generated by org.testng.reporters.JUnitReportReporter -->
<testsuite hostname="LAPTOP-8502" failures="0" tests="3" name="com.tvinh.test1.GetListLikesTest" time="7.046" errors="0" timestamp="2022-07-20T20:26:38 ICT" skipped="0">
  <testcase classname="com.tvinh.test1.GetListLikesTest" name="TestCase03" time="1.759"/>
  <system-out/>
  <testcase classname="com.tvinh.test1.GetListLikesTest" name="TestCase02" time="2.599"/>
  <system-out/>
  <testcase classname="com.tvinh.test1.GetListLikesTest" name="TestCase01" time="2.688"/>
  <system-out/>
</testsuite> <!-- com.tvinh.test1.GetListLikesTest -->
