<?xml version="1.0" encoding="UTF-8"?>
<!-- Generated by org.testng.reporters.JUnitReportReporter -->
<testsuite hostname="LAPTOP-8502" failures="0" tests="1" name="com.tvinh.test1.Info_auction" time="5.265" errors="0" timestamp="2022-07-13T20:31:42 ICT" skipped="0">
  <testcase classname="com.tvinh.test1.Info_auction" name="Test01" time="5.265"/>
  <system-out/>
</testsuite> <!-- com.tvinh.test1.Info_auction -->
