<?xml version="1.0" encoding="UTF-8"?>
<!-- Generated by org.testng.reporters.JUnitReportReporter -->
<testsuite hostname="LAPTOP-8502" failures="0" tests="1" name="com.tvinh.test1.Get_slider" time="3.953" errors="0" timestamp="2022-07-19T23:13:24 ICT" skipped="0">
  <testcase classname="com.tvinh.test1.Get_slider" name="Test01" time="3.953"/>
  <system-out/>
</testsuite> <!-- com.tvinh.test1.Get_slider -->
