<?xml version="1.0" encoding="UTF-8"?>
<!-- Generated by org.testng.reporters.JUnitReportReporter -->
<testsuite hostname="DUY" failures="0" tests="1" name="com.tvinh.test1.CreateCommentTest" time="6.964" errors="0" timestamp="2022-07-13T22:41:15 ICT" skipped="0">
  <testcase classname="com.tvinh.test1.CreateCommentTest" name="TestCase01" time="6.964"/>
  <system-out/>
</testsuite> <!-- com.tvinh.test1.CreateCommentTest -->
