<?xml version="1.0" encoding="UTF-8"?>
<!-- Generated by org.testng.reporters.JUnitReportReporter -->
<testsuite hostname="DUY" failures="0" tests="3" name="com.tvinh.test1.Read_new" time="15.680" errors="0" timestamp="2022-07-21T17:34:21 ICT" skipped="0">
  <testcase classname="com.tvinh.test1.Read_new" name="Test03" time="6.522"/>
  <system-out/>
  <testcase classname="com.tvinh.test1.Read_new" name="Test01" time="6.601"/>
  <system-out/>
  <testcase classname="com.tvinh.test1.Read_new" name="Test02" time="2.557"/>
  <system-out/>
</testsuite> <!-- com.tvinh.test1.Read_new -->
