<?xml version="1.0" encoding="UTF-8"?>
<!-- Generated by org.testng.reporters.JUnitReportReporter -->
<testsuite hostname="LAPTOP-8502" failures="0" tests="6" name="com.tvinh.test1.GetListAuctionsByStatusTest" time="8.508" errors="0" timestamp="2022-07-13T09:50:38 ICT" skipped="0">
  <testcase classname="com.tvinh.test1.GetListAuctionsByStatusTest" name="TestCase06" time="1.378"/>
  <system-out/>
  <testcase classname="com.tvinh.test1.GetListAuctionsByStatusTest" name="TestCase02" time="1.366"/>
  <system-out/>
  <testcase classname="com.tvinh.test1.GetListAuctionsByStatusTest" name="TestCase03" time="1.353"/>
  <system-out/>
  <testcase classname="com.tvinh.test1.GetListAuctionsByStatusTest" name="TestCase04" time="1.348"/>
  <system-out/>
  <testcase classname="com.tvinh.test1.GetListAuctionsByStatusTest" name="TestCase05" time="1.670"/>
  <system-out/>
  <testcase classname="com.tvinh.test1.GetListAuctionsByStatusTest" name="TestCase01" time="1.393"/>
  <system-out/>
</testsuite> <!-- com.tvinh.test1.GetListAuctionsByStatusTest -->
