<?xml version="1.0" encoding="UTF-8"?>
<!-- Generated by org.testng.reporters.JUnitReportReporter -->
<testsuite hostname="LAPTOP-8502" failures="0" tests="5" name="com.tvinh.test1.Search" time="7.416" errors="0" timestamp="2022-07-20T21:03:18 ICT" skipped="0">
  <testcase classname="com.tvinh.test1.Search" name="Test02" time="1.253"/>
  <system-out/>
  <testcase classname="com.tvinh.test1.Search" name="Test01" time="1.334"/>
  <system-out/>
  <testcase classname="com.tvinh.test1.Search" name="Test03" time="1.265"/>
  <system-out/>
  <testcase classname="com.tvinh.test1.Search" name="Test04" time="2.253"/>
  <system-out/>
  <testcase classname="com.tvinh.test1.Search" name="Test05" time="1.311"/>
  <system-out/>
</testsuite> <!-- com.tvinh.test1.Search -->
