<?xml version="1.0" encoding="UTF-8"?>
<!-- Generated by org.testng.reporters.JUnitReportReporter -->
<testsuite hostname="LAPTOP-O8200AJ0" failures="0" tests="1" name="com.tvinh.test1.CreateItemTest" time="5.545" errors="0" timestamp="2022-07-13T23:47:22 ICT" skipped="0">
  <testcase classname="com.tvinh.test1.CreateItemTest" name="TestCase01" time="5.545"/>
  <system-out/>
</testsuite> <!-- com.tvinh.test1.CreateItemTest -->
