<?xml version="1.0" encoding="UTF-8"?>
<!-- Generated by org.testng.reporters.JUnitReportReporter -->
<testsuite hostname="LAPTOP-8502" failures="0" tests="1" name="com.tvinh.test1.CreateItemTest" time="5.302" errors="0" timestamp="2022-07-13T20:31:52 ICT" skipped="0">
  <testcase classname="com.tvinh.test1.CreateItemTest" name="TestCase01" time="5.302"/>
  <system-out/>
</testsuite> <!-- com.tvinh.test1.CreateItemTest -->
