<?xml version="1.0" encoding="UTF-8"?>
<!-- Generated by org.testng.reporters.JUnitReportReporter -->
<testsuite hostname="DUY" failures="0" tests="6" name="com.tvinh.test1.EditAuctionTest" time="25.470" errors="0" timestamp="2022-07-23T11:33:20 ICT" skipped="0">
  <testcase classname="com.tvinh.test1.EditAuctionTest" name="TestCase03" time="2.554"/>
  <system-out/>
  <testcase classname="com.tvinh.test1.EditAuctionTest" name="TestCase06" time="5.089"/>
  <system-out/>
  <testcase classname="com.tvinh.test1.EditAuctionTest" name="TestCase04" time="5.073"/>
  <system-out/>
  <testcase classname="com.tvinh.test1.EditAuctionTest" name="TestCase05" time="5.079"/>
  <system-out/>
  <testcase classname="com.tvinh.test1.EditAuctionTest" name="TestCase01" time="5.187"/>
  <system-out/>
  <testcase classname="com.tvinh.test1.EditAuctionTest" name="TestCase02" time="2.488"/>
  <system-out/>
</testsuite> <!-- com.tvinh.test1.EditAuctionTest -->
