<?xml version="1.0" encoding="UTF-8"?>
<!-- Generated by org.testng.reporters.JUnitReportReporter -->
<testsuite hostname="DUY" failures="0" tests="4" name="com.tvinh.test1.GetListCommentTest" time="17.767" errors="0" timestamp="2022-07-23T11:48:07 ICT" skipped="0">
  <testcase classname="com.tvinh.test1.GetListCommentTest" name="TestCase01" time="7.603"/>
  <system-out/>
  <testcase classname="com.tvinh.test1.GetListCommentTest" name="TestCase04" time="2.533"/>
  <system-out/>
  <testcase classname="com.tvinh.test1.GetListCommentTest" name="TestCase03" time="2.493"/>
  <system-out/>
  <testcase classname="com.tvinh.test1.GetListCommentTest" name="TestCase02" time="5.138"/>
  <system-out/>
</testsuite> <!-- com.tvinh.test1.GetListCommentTest -->
