<?xml version="1.0" encoding="UTF-8"?>
<!-- Generated by org.testng.reporters.JUnitReportReporter -->
<testsuite hostname="DUY" failures="0" tests="6" name="com.tvinh.test1.Search" time="7.319" errors="0" timestamp="2022-07-21T17:24:56 ICT" skipped="0">
  <testcase classname="com.tvinh.test1.Search" name="Test03" time="1.201"/>
  <system-out/>
  <testcase classname="com.tvinh.test1.Search" name="Test01" time="1.289"/>
  <system-out/>
  <testcase classname="com.tvinh.test1.Search" name="Test05" time="1.198"/>
  <system-out/>
  <testcase classname="com.tvinh.test1.Search" name="Test04" time="1.195"/>
  <system-out/>
  <testcase classname="com.tvinh.test1.Search" name="Test06" time="1.235"/>
  <system-out/>
  <testcase classname="com.tvinh.test1.Search" name="Test02" time="1.201"/>
  <system-out/>
</testsuite> <!-- com.tvinh.test1.Search -->
