<?xml version="1.0" encoding="UTF-8"?>
<!-- Generated by org.testng.reporters.JUnitReportReporter -->
<testsuite hostname="LAPTOP-8502" failures="0" tests="1" name="com.tvinh.test1.Get_news" time="8.556" errors="0" timestamp="2022-07-06T21:21:29 ICT" skipped="0">
  <testcase classname="com.tvinh.test1.Get_news" name="Test01" time="8.556"/>
  <system-out/>
</testsuite> <!-- com.tvinh.test1.Get_news -->
