<?xml version="1.0" encoding="UTF-8"?>
<!-- Generated by org.testng.reporters.JUnitReportReporter -->
<testsuite hostname="DUY" failures="0" tests="2" name="com.tvinh.test1.Get_list_bids" time="5.005" errors="0" timestamp="2022-07-23T11:49:31 ICT" skipped="0">
  <testcase classname="com.tvinh.test1.Get_list_bids" name="Test02" time="1.207"/>
  <system-out/>
  <testcase classname="com.tvinh.test1.Get_list_bids" name="Test01" time="3.798"/>
  <system-out/>
</testsuite> <!-- com.tvinh.test1.Get_list_bids -->
