<?xml version="1.0" encoding="UTF-8"?>
<!-- Generated by org.testng.reporters.JUnitReportReporter -->
<testsuite hostname="LAPTOP-8502" failures="0" tests="1" name="com.tvinh.test1.Info_Item" time="4.349" errors="0" timestamp="2022-07-13T20:49:27 ICT" skipped="0">
  <testcase classname="com.tvinh.test1.Info_Item" name="Test01" time="4.349"/>
  <system-out/>
</testsuite> <!-- com.tvinh.test1.Info_Item -->
