<?xml version="1.0" encoding="UTF-8"?>
<!-- Generated by org.testng.reporters.JUnitReportReporter -->
<testsuite hostname="DUY" failures="0" tests="6" name="com.tvinh.test1.CreateItemTest" time="32.904" errors="0" timestamp="2022-07-13T22:24:55 ICT" skipped="0">
  <testcase classname="com.tvinh.test1.CreateItemTest" name="TestCase01" time="6.924"/>
  <system-out/>
  <testcase classname="com.tvinh.test1.CreateItemTest" name="TestCase05" time="5.116"/>
  <system-out/>
  <testcase classname="com.tvinh.test1.CreateItemTest" name="TestCase04" time="5.165"/>
  <system-out/>
  <testcase classname="com.tvinh.test1.CreateItemTest" name="TestCase02" time="5.281"/>
  <system-out/>
  <testcase classname="com.tvinh.test1.CreateItemTest" name="TestCase03" time="5.071"/>
  <system-out/>
  <testcase classname="com.tvinh.test1.CreateItemTest" name="TestCase06" time="5.347"/>
  <system-out/>
</testsuite> <!-- com.tvinh.test1.CreateItemTest -->
