<?xml version="1.0" encoding="UTF-8"?>
<!-- Generated by org.testng.reporters.JUnitReportReporter -->
<testsuite hostname="LAPTOP-O8200AJ0" failures="0" tests="1" name="com.tvinh.test1.LogOutTest" time="2.162" errors="0" timestamp="2022-07-04T10:23:45 ICT" skipped="0">
  <testcase classname="com.tvinh.test1.LogOutTest" name="Test01" time="2.162"/>
  <system-out/>
</testsuite> <!-- com.tvinh.test1.LogOutTest -->
