<?xml version="1.0" encoding="UTF-8"?>
<!-- Generated by org.testng.reporters.JUnitReportReporter -->
<testsuite hostname="DUY" failures="0" tests="1" name="com.tvinh.test1.GetListCommentTest" time="6.932" errors="0" timestamp="2022-07-13T22:33:45 ICT" skipped="0">
  <testcase classname="com.tvinh.test1.GetListCommentTest" name="TestCase01" time="6.932"/>
  <system-out/>
</testsuite> <!-- com.tvinh.test1.GetListCommentTest -->
