<?xml version="1.0" encoding="UTF-8"?>
<!-- Generated by org.testng.reporters.JUnitReportReporter -->
<testsuite hostname="DUY" failures="0" tests="6" name="com.tvinh.test1.CreateItemTest" time="30.532" errors="0" timestamp="2022-07-21T17:31:14 ICT" skipped="0">
  <testcase classname="com.tvinh.test1.CreateItemTest" name="TestCase04" time="5.068"/>
  <system-out/>
  <testcase classname="com.tvinh.test1.CreateItemTest" name="TestCase03" time="5.090"/>
  <system-out/>
  <testcase classname="com.tvinh.test1.CreateItemTest" name="TestCase05" time="5.079"/>
  <system-out/>
  <testcase classname="com.tvinh.test1.CreateItemTest" name="TestCase06" time="5.086"/>
  <system-out/>
  <testcase classname="com.tvinh.test1.CreateItemTest" name="TestCase01" time="5.104"/>
  <system-out/>
  <testcase classname="com.tvinh.test1.CreateItemTest" name="TestCase02" time="5.105"/>
  <system-out/>
</testsuite> <!-- com.tvinh.test1.CreateItemTest -->
