<?xml version="1.0" encoding="UTF-8"?>
<!-- Generated by org.testng.reporters.JUnitReportReporter -->
<testsuite hostname="LAPTOP-8502" failures="0" tests="1" name="com.tvinh.test1.Accept_max_bid" time="5.500" errors="0" timestamp="2022-07-13T09:22:22 ICT" skipped="0">
  <testcase classname="com.tvinh.test1.Accept_max_bid" name="Test01" time="5.500"/>
  <system-out/>
</testsuite> <!-- com.tvinh.test1.Accept_max_bid -->
