<?xml version="1.0" encoding="UTF-8"?>
<!-- Generated by org.testng.reporters.JUnitReportReporter -->
<testsuite hostname="LAPTOP-8502" failures="0" tests="3" name="com.tvinh.test1.Get_notifications" time="12.084" errors="0" timestamp="2022-07-19T23:12:37 ICT" skipped="0">
  <testcase classname="com.tvinh.test1.Get_notifications" name="Test03" time="5.261"/>
  <system-out/>
  <testcase classname="com.tvinh.test1.Get_notifications" name="Test02" time="2.612"/>
  <system-out/>
  <testcase classname="com.tvinh.test1.Get_notifications" name="Test01" time="4.211"/>
  <system-out/>
</testsuite> <!-- com.tvinh.test1.Get_notifications -->
