<?xml version="1.0" encoding="UTF-8"?>
<!-- Generated by org.testng.reporters.JUnitReportReporter -->
<testsuite hostname="LAPTOP-O8200AJ0" failures="0" tests="1" name="com.tvinh.test1.Read_new" time="9.422" errors="0" timestamp="2022-07-13T20:59:13 ICT" skipped="0">
  <testcase classname="com.tvinh.test1.Read_new" name="Test01" time="9.422"/>
  <system-out/>
</testsuite> <!-- com.tvinh.test1.Read_new -->
