<?xml version="1.0" encoding="UTF-8"?>
<!-- Generated by org.testng.reporters.JUnitReportReporter -->
<testsuite hostname="LAPTOP-8502" failures="0" tests="1" name="com.tvinh.test1.AuctionCreateTest" time="4.218" errors="0" timestamp="2022-07-13T20:31:31 ICT" skipped="0">
  <testcase classname="com.tvinh.test1.AuctionCreateTest" name="TestCase01" time="4.218"/>
  <system-out/>
</testsuite> <!-- com.tvinh.test1.AuctionCreateTest -->
