<?xml version="1.0" encoding="UTF-8"?>
<!-- Generated by org.testng.reporters.JUnitReportReporter -->
<testsuite hostname="LAPTOP-8502" failures="0" tests="2" name="com.tvinh.test1.Get_list_bids" time="6.950" errors="0" timestamp="2022-07-19T22:24:23 ICT" skipped="0">
  <testcase classname="com.tvinh.test1.Get_list_bids" name="Test02" time="1.307"/>
  <system-out/>
  <testcase classname="com.tvinh.test1.Get_list_bids" name="Test01" time="5.643"/>
  <system-out/>
</testsuite> <!-- com.tvinh.test1.Get_list_bids -->
