<?xml version="1.0" encoding="UTF-8"?>
<!-- Generated by org.testng.reporters.JUnitReportReporter -->
<testsuite hostname="LAPTOP-8502" failures="0" tests="3" name="com.tvinh.test1.Accept_max_bid" time="12.324" errors="0" timestamp="2022-07-20T20:55:04 ICT" skipped="0">
  <testcase classname="com.tvinh.test1.Accept_max_bid" name="Test03" time="2.571"/>
  <system-out/>
  <testcase classname="com.tvinh.test1.Accept_max_bid" name="Test02" time="2.640"/>
  <system-out/>
  <testcase classname="com.tvinh.test1.Accept_max_bid" name="Test01" time="7.113"/>
  <system-out/>
</testsuite> <!-- com.tvinh.test1.Accept_max_bid -->
