<?xml version="1.0" encoding="UTF-8"?>
<!-- Generated by org.testng.reporters.JUnitReportReporter -->
<testsuite hostname="LAPTOP-8502" failures="0" tests="6" name="com.tvinh.test1.GetListAuctionTest" time="9.045" errors="0" timestamp="2022-07-10T15:23:27 ICT" skipped="0">
  <testcase classname="com.tvinh.test1.GetListAuctionTest" name="Test02" time="1.250"/>
  <system-out/>
  <testcase classname="com.tvinh.test1.GetListAuctionTest" name="Test03" time="1.252"/>
  <system-out/>
  <testcase classname="com.tvinh.test1.GetListAuctionTest" name="Test06" time="1.261"/>
  <system-out/>
  <testcase classname="com.tvinh.test1.GetListAuctionTest" name="Test01" time="2.732"/>
  <system-out/>
  <testcase classname="com.tvinh.test1.GetListAuctionTest" name="Test04" time="1.284"/>
  <system-out/>
  <testcase classname="com.tvinh.test1.GetListAuctionTest" name="Test05" time="1.266"/>
  <system-out/>
</testsuite> <!-- com.tvinh.test1.GetListAuctionTest -->
