<?xml version="1.0" encoding="UTF-8"?>
<!-- Generated by org.testng.reporters.JUnitReportReporter -->
<testsuite hostname="DUY" failures="0" tests="2" name="com.tvinh.test1.Accept_max_bid" time="10.197" errors="0" timestamp="2022-07-13T22:10:03 ICT" skipped="0">
  <testcase classname="com.tvinh.test1.Accept_max_bid" name="Test01" time="7.644"/>
  <system-out/>
  <testcase classname="com.tvinh.test1.Accept_max_bid" name="Test02" time="2.553"/>
  <system-out/>
</testsuite> <!-- com.tvinh.test1.Accept_max_bid -->
