<?xml version="1.0" encoding="UTF-8"?>
<!-- Generated by org.testng.reporters.JUnitReportReporter -->
<testsuite hostname="LAPTOP-8502" failures="0" tests="1" name="com.tvinh.test1.GetCategoriesTest" time="2.363" errors="0" timestamp="2022-07-19T23:14:15 ICT" skipped="0">
  <testcase classname="com.tvinh.test1.GetCategoriesTest" name="Test01" time="2.363"/>
  <system-out/>
</testsuite> <!-- com.tvinh.test1.GetCategoriesTest -->
