<?xml version="1.0" encoding="UTF-8"?>
<!-- Generated by org.testng.reporters.JUnitReportReporter -->
<testsuite hostname="LAPTOP-8502" failures="0" tests="7" name="com.tvinh.test1.GetListAuctionsByStatusTest" time="12.796" errors="0" timestamp="2022-07-20T20:22:15 ICT" skipped="0">
  <testcase classname="com.tvinh.test1.GetListAuctionsByStatusTest" name="TestCase03" time="1.287"/>
  <system-out/>
  <testcase classname="com.tvinh.test1.GetListAuctionsByStatusTest" name="TestCase01" time="4.660"/>
  <system-out/>
  <testcase classname="com.tvinh.test1.GetListAuctionsByStatusTest" name="TestCase02" time="1.791"/>
  <system-out/>
  <testcase classname="com.tvinh.test1.GetListAuctionsByStatusTest" name="TestCase07" time="1.267"/>
  <system-out/>
  <testcase classname="com.tvinh.test1.GetListAuctionsByStatusTest" name="TestCase04" time="1.261"/>
  <system-out/>
  <testcase classname="com.tvinh.test1.GetListAuctionsByStatusTest" name="TestCase06" time="1.260"/>
  <system-out/>
  <testcase classname="com.tvinh.test1.GetListAuctionsByStatusTest" name="TestCase05" time="1.270"/>
  <system-out/>
</testsuite> <!-- com.tvinh.test1.GetListAuctionsByStatusTest -->
