<?xml version="1.0" encoding="UTF-8"?>
<!-- Generated by org.testng.reporters.JUnitReportReporter -->
<testsuite hostname="LAPTOP-8502" failures="0" tests="5" name="com.tvinh.test1.ContactUsTest" time="8.680" errors="0" timestamp="2022-07-19T22:00:58 ICT" skipped="0">
  <testcase classname="com.tvinh.test1.ContactUsTest" name="Test05" time="1.225"/>
  <system-out/>
  <testcase classname="com.tvinh.test1.ContactUsTest" name="Test01" time="3.681"/>
  <system-out/>
  <testcase classname="com.tvinh.test1.ContactUsTest" name="Test02" time="1.253"/>
  <system-out/>
  <testcase classname="com.tvinh.test1.ContactUsTest" name="Test03" time="1.283"/>
  <system-out/>
  <testcase classname="com.tvinh.test1.ContactUsTest" name="Test04" time="1.238"/>
  <system-out/>
</testsuite> <!-- com.tvinh.test1.ContactUsTest -->
