<?xml version="1.0" encoding="UTF-8"?>
<!-- Generated by org.testng.reporters.JUnitReportReporter -->
<testsuite hostname="LAPTOP-8502" failures="0" tests="6" name="com.tvinh.test1.GetListAuctionTest" time="8.082" errors="0" timestamp="2022-07-13T09:35:31 ICT" skipped="0">
  <testcase classname="com.tvinh.test1.GetListAuctionTest" name="Test03" time="1.338"/>
  <system-out/>
  <testcase classname="com.tvinh.test1.GetListAuctionTest" name="Test02" time="1.297"/>
  <system-out/>
  <testcase classname="com.tvinh.test1.GetListAuctionTest" name="Test05" time="1.314"/>
  <system-out/>
  <testcase classname="com.tvinh.test1.GetListAuctionTest" name="Test06" time="1.477"/>
  <system-out/>
  <testcase classname="com.tvinh.test1.GetListAuctionTest" name="Test01" time="1.329"/>
  <system-out/>
  <testcase classname="com.tvinh.test1.GetListAuctionTest" name="Test04" time="1.327"/>
  <system-out/>
</testsuite> <!-- com.tvinh.test1.GetListAuctionTest -->
