<?xml version="1.0" encoding="UTF-8"?>
<!-- Generated by org.testng.reporters.JUnitReportReporter -->
<testsuite hostname="LAPTOP-8502" failures="0" tests="3" name="com.tvinh.test1.Info_auction" time="13.922" errors="0" timestamp="2022-07-20T20:35:18 ICT" skipped="0">
  <testcase classname="com.tvinh.test1.Info_auction" name="Test03" time="2.603"/>
  <system-out/>
  <testcase classname="com.tvinh.test1.Info_auction" name="Test01" time="6.942"/>
  <system-out/>
  <testcase classname="com.tvinh.test1.Info_auction" name="Test02" time="4.377"/>
  <system-out/>
</testsuite> <!-- com.tvinh.test1.Info_auction -->
