<?xml version="1.0" encoding="UTF-8"?>
<!-- Generated by org.testng.reporters.JUnitReportReporter -->
<testsuite hostname="LAPTOP-8502" failures="0" tests="7" name="com.tvinh.test1.GetListAuctionTest" time="12.087" errors="0" timestamp="2022-07-20T20:22:42 ICT" skipped="0">
  <testcase classname="com.tvinh.test1.GetListAuctionTest" name="Test06" time="1.341"/>
  <system-out/>
  <testcase classname="com.tvinh.test1.GetListAuctionTest" name="Test03" time="1.239"/>
  <system-out/>
  <testcase classname="com.tvinh.test1.GetListAuctionTest" name="Test07" time="3.979"/>
  <system-out/>
  <testcase classname="com.tvinh.test1.GetListAuctionTest" name="Test01" time="1.275"/>
  <system-out/>
  <testcase classname="com.tvinh.test1.GetListAuctionTest" name="Test04" time="1.404"/>
  <system-out/>
  <testcase classname="com.tvinh.test1.GetListAuctionTest" name="Test02" time="1.255"/>
  <system-out/>
  <testcase classname="com.tvinh.test1.GetListAuctionTest" name="Test05" time="1.594"/>
  <system-out/>
</testsuite> <!-- com.tvinh.test1.GetListAuctionTest -->
