<?xml version="1.0" encoding="UTF-8"?>
<!-- Generated by org.testng.reporters.JUnitReportReporter -->
<testsuite hostname="LAPTOP-8502" failures="0" tests="2" name="com.tvinh.test1.Create_bid" time="8.124" errors="0" timestamp="2022-07-19T22:13:24 ICT" skipped="0">
  <testcase classname="com.tvinh.test1.Create_bid" name="Test01" time="5.443"/>
  <system-out/>
  <testcase classname="com.tvinh.test1.Create_bid" name="Test02" time="2.681"/>
  <system-out/>
</testsuite> <!-- com.tvinh.test1.Create_bid -->
