<?xml version="1.0" encoding="UTF-8"?>
<!-- Generated by org.testng.reporters.JUnitReportReporter -->
<testsuite hostname="LAPTOP-8502" failures="0" tests="1" name="com.tvinh.test1.UploadStatusTest" time="4.363" errors="0" timestamp="2022-07-12T15:42:33 ICT" skipped="0">
  <testcase classname="com.tvinh.test1.UploadStatusTest" name="Test01" time="4.363"/>
  <system-out/>
</testsuite> <!-- com.tvinh.test1.UploadStatusTest -->
