<?xml version="1.0" encoding="UTF-8"?>
<!-- Generated by org.testng.reporters.JUnitReportReporter -->
<testsuite hostname="LAPTOP-8502" failures="0" tests="3" name="com.tvinh.test1.Get_news" time="14.658" errors="0" timestamp="2022-07-19T23:05:53 ICT" skipped="0">
  <testcase classname="com.tvinh.test1.Get_news" name="Test03" time="7.686"/>
  <system-out/>
  <testcase classname="com.tvinh.test1.Get_news" name="Test01" time="4.340"/>
  <system-out/>
  <testcase classname="com.tvinh.test1.Get_news" name="Test02" time="2.632"/>
  <system-out/>
</testsuite> <!-- com.tvinh.test1.Get_news -->
