<?xml version="1.0" encoding="UTF-8"?>
<!-- Generated by org.testng.reporters.JUnitReportReporter -->
<testsuite hostname="DUY" failures="0" tests="3" name="com.tvinh.test1.GetListLikesTest" time="8.610" errors="0" timestamp="2022-07-23T20:14:22 ICT" skipped="0">
  <testcase classname="com.tvinh.test1.GetListLikesTest" name="TestCase01" time="4.441"/>
  <system-out/>
  <testcase classname="com.tvinh.test1.GetListLikesTest" name="TestCase02" time="2.491"/>
  <system-out/>
  <testcase classname="com.tvinh.test1.GetListLikesTest" name="TestCase03" time="1.678"/>
  <system-out/>
</testsuite> <!-- com.tvinh.test1.GetListLikesTest -->
