<?xml version="1.0" encoding="UTF-8"?>
<!-- Generated by org.testng.reporters.JUnitReportReporter -->
<testsuite hostname="DUY" failures="0" tests="1" name="com.tvinh.test1.AuctionCreateTest" time="4.312" errors="0" timestamp="2022-07-21T17:26:44 ICT" skipped="0">
  <testcase classname="com.tvinh.test1.AuctionCreateTest" name="TestCase01" time="4.312"/>
  <system-out/>
</testsuite> <!-- com.tvinh.test1.AuctionCreateTest -->
