<?xml version="1.0" encoding="UTF-8"?>
<!-- Generated by org.testng.reporters.JUnitReportReporter -->
<testsuite hostname="LAPTOP-8502" failures="0" tests="2" name="com.tvinh.test1.Info_Item" time="7.360" errors="0" timestamp="2022-07-20T20:39:29 ICT" skipped="0">
  <testcase classname="com.tvinh.test1.Info_Item" name="Test01" time="4.292"/>
  <system-out/>
  <testcase classname="com.tvinh.test1.Info_Item" name="Test02" time="3.068"/>
  <system-out/>
</testsuite> <!-- com.tvinh.test1.Info_Item -->
