<?xml version="1.0" encoding="UTF-8"?>
<!-- Generated by org.testng.reporters.JUnitReportReporter -->
<testsuite hostname="DUY" failures="0" tests="1" name="com.tvinh.test1.GetBrandsTest" time="2.617" errors="0" timestamp="2022-07-13T22:50:41 ICT" skipped="0">
  <testcase classname="com.tvinh.test1.GetBrandsTest" name="Test01" time="2.617"/>
  <system-out/>
</testsuite> <!-- com.tvinh.test1.GetBrandsTest -->
