<?xml version="1.0" encoding="UTF-8"?>
<!-- Generated by org.testng.reporters.JUnitReportReporter -->
<testsuite hostname="DUY" failures="0" tests="1" name="com.tvinh.test1.Read_new" time="8.361" errors="0" timestamp="2022-07-13T22:58:26 ICT" skipped="0">
  <testcase classname="com.tvinh.test1.Read_new" name="Test01" time="8.361"/>
  <system-out/>
</testsuite> <!-- com.tvinh.test1.Read_new -->
