<?xml version="1.0" encoding="UTF-8"?>
<!-- Generated by org.testng.reporters.JUnitReportReporter -->
<testsuite hostname="LAPTOP-8502" failures="0" tests="3" name="com.tvinh.test1.GetTotalLikeOfAuctionTest" time="13.319" errors="0" timestamp="2022-07-20T20:31:36 ICT" skipped="0">
  <testcase classname="com.tvinh.test1.GetTotalLikeOfAuctionTest" name="TestCase02" time="3.922"/>
  <system-out/>
  <testcase classname="com.tvinh.test1.GetTotalLikeOfAuctionTest" name="TestCase03" time="3.855"/>
  <system-out/>
  <testcase classname="com.tvinh.test1.GetTotalLikeOfAuctionTest" name="TestCase01" time="5.542"/>
  <system-out/>
</testsuite> <!-- com.tvinh.test1.GetTotalLikeOfAuctionTest -->
