<?xml version="1.0" encoding="UTF-8"?>
<!-- Generated by org.testng.reporters.JUnitReportReporter -->
<testsuite hostname="LAPTOP-8502" failures="0" tests="1" name="com.tvinh.test1.AuctionCreateTest" time="2.697" errors="0" timestamp="2022-07-19T21:48:01 ICT" skipped="0">
  <testcase classname="com.tvinh.test1.AuctionCreateTest" name="TestCase01" time="2.697"/>
  <system-out/>
</testsuite> <!-- com.tvinh.test1.AuctionCreateTest -->
