<?xml version="1.0" encoding="UTF-8"?>
<!-- Generated by org.testng.reporters.JUnitReportReporter -->
<testsuite hostname="DUY" failures="0" tests="7" name="com.tvinh.test1.GetListAuctionTest" time="13.554" errors="0" timestamp="2022-07-23T11:51:25 ICT" skipped="0">
  <testcase classname="com.tvinh.test1.GetListAuctionTest" name="Test04" time="1.236"/>
  <system-out/>
  <testcase classname="com.tvinh.test1.GetListAuctionTest" name="Test06" time="1.197"/>
  <system-out/>
  <testcase classname="com.tvinh.test1.GetListAuctionTest" name="Test02" time="1.224"/>
  <system-out/>
  <testcase classname="com.tvinh.test1.GetListAuctionTest" name="Test07" time="4.392"/>
  <system-out/>
  <testcase classname="com.tvinh.test1.GetListAuctionTest" name="Test01" time="3.053"/>
  <system-out/>
  <testcase classname="com.tvinh.test1.GetListAuctionTest" name="Test03" time="1.212"/>
  <system-out/>
  <testcase classname="com.tvinh.test1.GetListAuctionTest" name="Test05" time="1.240"/>
  <system-out/>
</testsuite> <!-- com.tvinh.test1.GetListAuctionTest -->
