<?xml version="1.0" encoding="UTF-8"?>
<!-- Generated by org.testng.reporters.JUnitReportReporter -->
<testsuite hostname="LAPTOP-8502" failures="0" tests="3" name="com.tvinh.test1.GetDetailsAutionTest" time="14.379" errors="0" timestamp="2022-07-13T09:36:23 ICT" skipped="0">
  <testcase classname="com.tvinh.test1.GetDetailsAutionTest" name="TestCase02" time="5.155"/>
  <system-out/>
  <testcase classname="com.tvinh.test1.GetDetailsAutionTest" name="TestCase01" time="5.099"/>
  <system-out/>
  <testcase classname="com.tvinh.test1.GetDetailsAutionTest" name="TestCase03" time="4.125"/>
  <system-out/>
</testsuite> <!-- com.tvinh.test1.GetDetailsAutionTest -->
