<?xml version="1.0" encoding="UTF-8"?>
<!-- Generated by org.testng.reporters.JUnitReportReporter -->
<testsuite hostname="LAPTOP-8502" failures="0" tests="2" name="com.tvinh.test1.InfoTest" time="6.223" errors="0" timestamp="2022-07-13T09:35:48 ICT" skipped="0">
  <testcase classname="com.tvinh.test1.InfoTest" name="Test01" time="2.799"/>
  <system-out/>
  <testcase classname="com.tvinh.test1.InfoTest" name="Test02" time="3.424"/>
  <system-out/>
</testsuite> <!-- com.tvinh.test1.InfoTest -->
