<?xml version="1.0" encoding="UTF-8"?>
<!-- Generated by org.testng.reporters.JUnitReportReporter -->
<testsuite hostname="DUY" failures="0" tests="3" name="com.tvinh.test1.Get_notifications" time="11.904" errors="0" timestamp="2022-07-21T17:02:25 ICT" skipped="0">
  <testcase classname="com.tvinh.test1.Get_notifications" name="Test03" time="5.096"/>
  <system-out/>
  <testcase classname="com.tvinh.test1.Get_notifications" name="Test01" time="4.249"/>
  <system-out/>
  <testcase classname="com.tvinh.test1.Get_notifications" name="Test02" time="2.559"/>
  <system-out/>
</testsuite> <!-- com.tvinh.test1.Get_notifications -->
