<?xml version="1.0" encoding="UTF-8"?>
<!-- Generated by org.testng.reporters.JUnitReportReporter -->
<testsuite hostname="LAPTOP-8502" failures="0" tests="6" name="com.tvinh.test1.EditAuctionTest" time="27.915" errors="0" timestamp="2022-07-20T20:47:04 ICT" skipped="0">
  <testcase classname="com.tvinh.test1.EditAuctionTest" name="TestCase01" time="6.817"/>
  <system-out/>
  <testcase classname="com.tvinh.test1.EditAuctionTest" name="TestCase02" time="2.640"/>
  <system-out/>
  <testcase classname="com.tvinh.test1.EditAuctionTest" name="TestCase06" time="5.218"/>
  <system-out/>
  <testcase classname="com.tvinh.test1.EditAuctionTest" name="TestCase04" time="5.344"/>
  <system-out/>
  <testcase classname="com.tvinh.test1.EditAuctionTest" name="TestCase03" time="2.664"/>
  <system-out/>
  <testcase classname="com.tvinh.test1.EditAuctionTest" name="TestCase05" time="5.232"/>
  <system-out/>
</testsuite> <!-- com.tvinh.test1.EditAuctionTest -->
