<?xml version="1.0" encoding="UTF-8"?>
<!-- Generated by org.testng.reporters.JUnitReportReporter -->
<testsuite hostname="LAPTOP-8502" failures="0" tests="2" name="com.tvinh.test1.InfoTest" time="7.735" errors="0" timestamp="2022-07-12T15:42:01 ICT" skipped="0">
  <testcase classname="com.tvinh.test1.InfoTest" name="Test02" time="3.093"/>
  <system-out/>
  <testcase classname="com.tvinh.test1.InfoTest" name="Test01" time="4.642"/>
  <system-out/>
</testsuite> <!-- com.tvinh.test1.InfoTest -->
